build/app/intermediates/manifest_merge_blame_file/profile/manifest-merger-blame-profile-report.txt
1<?xml version="1.0" encoding="utf-8"?>
2<manifest xmlns:android="http://schemas.android.com/apk/res/android"
3    package="com.moldova.baltimore"
4    android:versionCode="1"
5    android:versionName="1.0.0" >
6
7    <uses-sdk
8        android:minSdkVersion="21"
9        android:targetSdkVersion="34" />
10    <!--
11         The INTERNET permission is required for development. Specifically,
12         the Flutter tool needs it to communicate with the running application
13         to allow setting breakpoints, to provide hot reload, etc.
14    -->
15    <uses-permission android:name="android.permission.INTERNET" />
15-->src/main/AndroidManifest.xml:2:5-66
15-->src/main/AndroidManifest.xml:2:22-64
16
17    <permission
17-->[androidx.core:core:1.12.0] AndroidManifest.xml:22:5-24:47
18        android:name="com.moldova.baltimore.DYNAMIC_RECEIVER_NOT_EXPORTED_PERMISSION"
18-->[androidx.core:core:1.12.0] AndroidManifest.xml:23:9-81
19        android:protectionLevel="signature" />
19-->[androidx.core:core:1.12.0] AndroidManifest.xml:24:9-44
20
21    <uses-permission android:name="com.moldova.baltimore.DYNAMIC_RECEIVER_NOT_EXPORTED_PERMISSION" />
21-->[androidx.core:core:1.12.0] AndroidManifest.xml:26:5-97
21-->[androidx.core:core:1.12.0] AndroidManifest.xml:26:22-94
22
23    <application
24        android:name="android.app.Application"
25        android:appComponentFactory="androidx.core.app.CoreComponentFactory"
25-->[androidx.core:core:1.12.0] AndroidManifest.xml:28:18-86
26        android:debuggable="true"
27        android:icon="@mipmap/ic_launcher"
28        android:label="Moldbee" >
29        <activity
30            android:name="com.moldova.baltimore.MainActivity"
31            android:configChanges="orientation|keyboardHidden|keyboard|screenSize|smallestScreenSize|locale|layoutDirection|fontScale|screenLayout|density|uiMode"
32            android:exported="true"
33            android:hardwareAccelerated="true"
34            android:launchMode="singleTop"
35            android:theme="@style/LaunchTheme"
36            android:windowSoftInputMode="adjustResize" >
37
38            <!--
39                 Specifies an Android theme to apply to this Activity as soon as
40                 the Android process has started. This theme is visible to the user
41                 while the Flutter UI initializes. After that, this theme continues
42                 to determine the Window background behind the Flutter UI.
43            -->
44            <meta-data
45                android:name="io.flutter.embedding.android.NormalTheme"
46                android:resource="@style/NormalTheme" />
47
48            <intent-filter>
49                <action android:name="android.intent.action.MAIN" />
50
51                <category android:name="android.intent.category.LAUNCHER" />
52            </intent-filter>
53        </activity>
54        <!--
55             Don't delete the meta-data below.
56             This is used by the Flutter tool to generate GeneratedPluginRegistrant.java
57        -->
58        <meta-data
59            android:name="flutterEmbedding"
60            android:value="2" />
61
62        <provider
62-->[:image_picker_android] AndroidManifest.xml:10:9-18:20
63            android:name="io.flutter.plugins.imagepicker.ImagePickerFileProvider"
63-->[:image_picker_android] AndroidManifest.xml:11:13-82
64            android:authorities="com.moldova.baltimore.flutter.image_provider"
64-->[:image_picker_android] AndroidManifest.xml:12:13-74
65            android:exported="false"
65-->[:image_picker_android] AndroidManifest.xml:13:13-37
66            android:grantUriPermissions="true" >
66-->[:image_picker_android] AndroidManifest.xml:14:13-47
67            <meta-data
67-->[:image_picker_android] AndroidManifest.xml:15:13-17:75
68                android:name="android.support.FILE_PROVIDER_PATHS"
68-->[:image_picker_android] AndroidManifest.xml:16:17-67
69                android:resource="@xml/flutter_image_picker_file_paths" />
69-->[:image_picker_android] AndroidManifest.xml:17:17-72
70        </provider>
71        <!--
72           Declares a provider which allows us to store files to share in
73           '.../caches/share_plus' and grant the receiving action access
74        -->
75        <provider
75-->[:share_plus] AndroidManifest.xml:15:9-23:20
76            android:name="dev.fluttercommunity.plus.share.ShareFileProvider"
76-->[:share_plus] AndroidManifest.xml:16:13-77
77            android:authorities="com.moldova.baltimore.flutter.share_provider"
77-->[:share_plus] AndroidManifest.xml:17:13-74
78            android:exported="false"
78-->[:share_plus] AndroidManifest.xml:18:13-37
79            android:grantUriPermissions="true" >
79-->[:share_plus] AndroidManifest.xml:19:13-47
80            <meta-data
80-->[:image_picker_android] AndroidManifest.xml:15:13-17:75
81                android:name="android.support.FILE_PROVIDER_PATHS"
81-->[:image_picker_android] AndroidManifest.xml:16:17-67
82                android:resource="@xml/flutter_share_file_paths" />
82-->[:image_picker_android] AndroidManifest.xml:17:17-72
83        </provider>
84        <!--
85           This manifest declared broadcast receiver allows us to use an explicit
86           Intent when creating a PendingItent to be informed of the user's choice
87        -->
88        <receiver
88-->[:share_plus] AndroidManifest.xml:28:9-34:20
89            android:name="dev.fluttercommunity.plus.share.SharePlusPendingIntent"
89-->[:share_plus] AndroidManifest.xml:29:13-82
90            android:exported="false" >
90-->[:share_plus] AndroidManifest.xml:30:13-37
91            <intent-filter>
91-->[:share_plus] AndroidManifest.xml:31:13-33:29
92                <action android:name="EXTRA_CHOSEN_COMPONENT" />
92-->[:share_plus] AndroidManifest.xml:32:17-65
92-->[:share_plus] AndroidManifest.xml:32:25-62
93            </intent-filter>
94        </receiver>
95
96        <activity
96-->[:url_launcher_android] AndroidManifest.xml:10:9-13:74
97            android:name="io.flutter.plugins.urllauncher.WebViewActivity"
97-->[:url_launcher_android] AndroidManifest.xml:11:13-74
98            android:exported="false"
98-->[:url_launcher_android] AndroidManifest.xml:12:13-37
99            android:theme="@android:style/Theme.NoTitleBar.Fullscreen" />
99-->[:url_launcher_android] AndroidManifest.xml:13:13-71
100        <activity
100-->[com.google.android.gms:play-services-auth:21.0.0] AndroidManifest.xml:23:9-27:75
101            android:name="com.google.android.gms.auth.api.signin.internal.SignInHubActivity"
101-->[com.google.android.gms:play-services-auth:21.0.0] AndroidManifest.xml:24:13-93
102            android:excludeFromRecents="true"
102-->[com.google.android.gms:play-services-auth:21.0.0] AndroidManifest.xml:25:13-46
103            android:exported="false"
103-->[com.google.android.gms:play-services-auth:21.0.0] AndroidManifest.xml:26:13-37
104            android:theme="@android:style/Theme.Translucent.NoTitleBar" />
104-->[com.google.android.gms:play-services-auth:21.0.0] AndroidManifest.xml:27:13-72
105        <!--
106            Service handling Google Sign-In user revocation. For apps that do not integrate with
107            Google Sign-In, this service will never be started.
108        -->
109        <service
109-->[com.google.android.gms:play-services-auth:21.0.0] AndroidManifest.xml:33:9-37:51
110            android:name="com.google.android.gms.auth.api.signin.RevocationBoundService"
110-->[com.google.android.gms:play-services-auth:21.0.0] AndroidManifest.xml:34:13-89
111            android:exported="true"
111-->[com.google.android.gms:play-services-auth:21.0.0] AndroidManifest.xml:35:13-36
112            android:permission="com.google.android.gms.auth.api.signin.permission.REVOCATION_NOTIFICATION"
112-->[com.google.android.gms:play-services-auth:21.0.0] AndroidManifest.xml:36:13-107
113            android:visibleToInstantApps="true" />
113-->[com.google.android.gms:play-services-auth:21.0.0] AndroidManifest.xml:37:13-48
114
115        <activity
115-->[com.google.android.gms:play-services-base:18.0.1] AndroidManifest.xml:20:9-22:45
116            android:name="com.google.android.gms.common.api.GoogleApiActivity"
116-->[com.google.android.gms:play-services-base:18.0.1] AndroidManifest.xml:20:19-85
117            android:exported="false"
117-->[com.google.android.gms:play-services-base:18.0.1] AndroidManifest.xml:22:19-43
118            android:theme="@android:style/Theme.Translucent.NoTitleBar" />
118-->[com.google.android.gms:play-services-base:18.0.1] AndroidManifest.xml:21:19-78
119
120        <meta-data
120-->[com.google.android.gms:play-services-basement:18.2.0] AndroidManifest.xml:21:9-23:69
121            android:name="com.google.android.gms.version"
121-->[com.google.android.gms:play-services-basement:18.2.0] AndroidManifest.xml:22:13-58
122            android:value="@integer/google_play_services_version" />
122-->[com.google.android.gms:play-services-basement:18.2.0] AndroidManifest.xml:23:13-66
123
124        <uses-library
124-->[androidx.window:window:1.0.0-beta04] AndroidManifest.xml:25:9-27:40
125            android:name="androidx.window.extensions"
125-->[androidx.window:window:1.0.0-beta04] AndroidManifest.xml:26:13-54
126            android:required="false" />
126-->[androidx.window:window:1.0.0-beta04] AndroidManifest.xml:27:13-37
127        <uses-library
127-->[androidx.window:window:1.0.0-beta04] AndroidManifest.xml:28:9-30:40
128            android:name="androidx.window.sidecar"
128-->[androidx.window:window:1.0.0-beta04] AndroidManifest.xml:29:13-51
129            android:required="false" />
129-->[androidx.window:window:1.0.0-beta04] AndroidManifest.xml:30:13-37
130
131        <provider
131-->[androidx.profileinstaller:profileinstaller:1.3.0] AndroidManifest.xml:24:9-32:20
132            android:name="androidx.startup.InitializationProvider"
132-->[androidx.profileinstaller:profileinstaller:1.3.0] AndroidManifest.xml:25:13-67
133            android:authorities="com.moldova.baltimore.androidx-startup"
133-->[androidx.profileinstaller:profileinstaller:1.3.0] AndroidManifest.xml:26:13-68
134            android:exported="false" >
134-->[androidx.profileinstaller:profileinstaller:1.3.0] AndroidManifest.xml:27:13-37
135            <meta-data
135-->[androidx.profileinstaller:profileinstaller:1.3.0] AndroidManifest.xml:29:13-31:52
136                android:name="androidx.profileinstaller.ProfileInstallerInitializer"
136-->[androidx.profileinstaller:profileinstaller:1.3.0] AndroidManifest.xml:30:17-85
137                android:value="androidx.startup" />
137-->[androidx.profileinstaller:profileinstaller:1.3.0] AndroidManifest.xml:31:17-49
138        </provider>
139
140        <receiver
140-->[androidx.profileinstaller:profileinstaller:1.3.0] AndroidManifest.xml:34:9-52:20
141            android:name="androidx.profileinstaller.ProfileInstallReceiver"
141-->[androidx.profileinstaller:profileinstaller:1.3.0] AndroidManifest.xml:35:13-76
142            android:directBootAware="false"
142-->[androidx.profileinstaller:profileinstaller:1.3.0] AndroidManifest.xml:36:13-44
143            android:enabled="true"
143-->[androidx.profileinstaller:profileinstaller:1.3.0] AndroidManifest.xml:37:13-35
144            android:exported="true"
144-->[androidx.profileinstaller:profileinstaller:1.3.0] AndroidManifest.xml:38:13-36
145            android:permission="android.permission.DUMP" >
145-->[androidx.profileinstaller:profileinstaller:1.3.0] AndroidManifest.xml:39:13-57
146            <intent-filter>
146-->[androidx.profileinstaller:profileinstaller:1.3.0] AndroidManifest.xml:40:13-42:29
147                <action android:name="androidx.profileinstaller.action.INSTALL_PROFILE" />
147-->[androidx.profileinstaller:profileinstaller:1.3.0] AndroidManifest.xml:41:17-91
147-->[androidx.profileinstaller:profileinstaller:1.3.0] AndroidManifest.xml:41:25-88
148            </intent-filter>
149            <intent-filter>
149-->[androidx.profileinstaller:profileinstaller:1.3.0] AndroidManifest.xml:43:13-45:29
150                <action android:name="androidx.profileinstaller.action.SKIP_FILE" />
150-->[androidx.profileinstaller:profileinstaller:1.3.0] AndroidManifest.xml:44:17-85
150-->[androidx.profileinstaller:profileinstaller:1.3.0] AndroidManifest.xml:44:25-82
151            </intent-filter>
152            <intent-filter>
152-->[androidx.profileinstaller:profileinstaller:1.3.0] AndroidManifest.xml:46:13-48:29
153                <action android:name="androidx.profileinstaller.action.SAVE_PROFILE" />
153-->[androidx.profileinstaller:profileinstaller:1.3.0] AndroidManifest.xml:47:17-88
153-->[androidx.profileinstaller:profileinstaller:1.3.0] AndroidManifest.xml:47:25-85
154            </intent-filter>
155            <intent-filter>
155-->[androidx.profileinstaller:profileinstaller:1.3.0] AndroidManifest.xml:49:13-51:29
156                <action android:name="androidx.profileinstaller.action.BENCHMARK_OPERATION" />
156-->[androidx.profileinstaller:profileinstaller:1.3.0] AndroidManifest.xml:50:17-95
156-->[androidx.profileinstaller:profileinstaller:1.3.0] AndroidManifest.xml:50:25-92
157            </intent-filter>
158        </receiver>
159    </application>
160
161</manifest>